
=====================================
Fecha: 2026-03-04 10:12:02
Excel: excel_prueba_circularizaciones.xlsx
Destinatarios: 4
Estado: iniciada
=====================================

=====================================
Fecha: 2026-03-04 10:29:26
Excel: excel_prueba_circularizaciones.xlsx
Correo: nicolasdu2006@gmail.com
Destinatarios: 4
Estado: iniciada
=====================================

=====================================
Fecha: 2026-03-04 10:44:02
Excel: excel_prueba_circularizaciones.xlsx
Correo: nicolasdu2006@gmail.com
Destinatarios: 4
Estado: iniciada
=====================================

=====================================
Fecha: 2026-03-04 10:50:28
Excel: excel_prueba_circularizaciones.xlsx
Correo: nicolasdu2006@gmail.com
Destinatarios: 4
Estado: iniciada
=====================================
